<?xml version="1.0" encoding="UTF-8"?>
<coverage generated="1563098420266" clover="3.2.0">
  <project timestamp="1563098420267" name="All files">
    <metrics statements="76" coveredstatements="33" conditionals="47" coveredconditionals="28" methods="39" coveredmethods="16" elements="162" coveredelements="77" complexity="0" loc="76" ncloc="76" packages="2" files="3" classes="3"/>
    <package name="Components">
      <metrics statements="75" coveredstatements="33" conditionals="47" coveredconditionals="28" methods="38" coveredmethods="16"/>
      <file name="Timer.js" path="D:\Projets\ReactNative\Edx\Harvard\CS50\project1_test\Pomodoro-Timer\Components\Timer.js">
        <metrics statements="74" coveredstatements="32" conditionals="47" coveredconditionals="28" methods="38" coveredmethods="16"/>
        <line num="11" count="21" type="stmt"/>
        <line num="15" count="0" type="stmt"/>
        <line num="21" count="0" type="stmt"/>
        <line num="36" count="0" type="stmt"/>
        <line num="37" count="0" type="stmt"/>
        <line num="38" count="0" type="stmt"/>
        <line num="40" count="0" type="stmt"/>
        <line num="55" count="0" type="stmt"/>
        <line num="56" count="0" type="stmt"/>
        <line num="57" count="0" type="stmt"/>
        <line num="59" count="0" type="stmt"/>
        <line num="76" count="0" type="stmt"/>
        <line num="80" count="0" type="stmt"/>
        <line num="91" count="1" type="stmt"/>
        <line num="92" count="1" type="stmt"/>
        <line num="107" count="1" type="stmt"/>
        <line num="128" count="0" type="stmt"/>
        <line num="142" count="0" type="stmt"/>
        <line num="143" count="0" type="stmt"/>
        <line num="147" count="44" type="cond" truecount="2" falsecount="0"/>
        <line num="153" count="0" type="stmt"/>
        <line num="163" count="0" type="cond" truecount="0" falsecount="4"/>
        <line num="164" count="0" type="stmt"/>
        <line num="165" count="0" type="stmt"/>
        <line num="166" count="0" type="stmt"/>
        <line num="173" count="0" type="stmt"/>
        <line num="183" count="2" type="cond" truecount="2" falsecount="0"/>
        <line num="192" count="24" type="cond" truecount="2" falsecount="0"/>
        <line num="193" count="14" type="stmt"/>
        <line num="195" count="10" type="stmt"/>
        <line num="197" count="24" type="stmt"/>
        <line num="201" count="0" type="cond" truecount="0" falsecount="4"/>
        <line num="205" count="42" type="stmt"/>
        <line num="206" count="42" type="stmt"/>
        <line num="208" count="42" type="cond" truecount="3" falsecount="1"/>
        <line num="209" count="0" type="stmt"/>
        <line num="211" count="42" type="cond" truecount="2" falsecount="0"/>
        <line num="212" count="16" type="stmt"/>
        <line num="214" count="42" type="stmt"/>
        <line num="218" count="24" type="stmt"/>
        <line num="220" count="24" type="cond" truecount="2" falsecount="0"/>
        <line num="221" count="14" type="stmt"/>
        <line num="224" count="24" type="stmt"/>
        <line num="228" count="23" type="stmt"/>
        <line num="233" count="21" type="cond" truecount="1" falsecount="1"/>
        <line num="237" count="21" type="cond" truecount="2" falsecount="0"/>
        <line num="241" count="45" type="cond" truecount="2" falsecount="0"/>
        <line num="245" count="42" type="cond" truecount="4" falsecount="0"/>
        <line num="255" count="0" type="cond" truecount="0" falsecount="2"/>
        <line num="256" count="0" type="stmt"/>
        <line num="257" count="0" type="stmt"/>
        <line num="262" count="0" type="stmt"/>
        <line num="263" count="0" type="stmt"/>
        <line num="264" count="0" type="stmt"/>
        <line num="265" count="0" type="stmt"/>
        <line num="276" count="0" type="stmt"/>
        <line num="282" count="2" type="cond" truecount="2" falsecount="0"/>
        <line num="286" count="2" type="cond" truecount="2" falsecount="0"/>
        <line num="290" count="0" type="stmt"/>
        <line num="291" count="0" type="cond" truecount="0" falsecount="4"/>
        <line num="292" count="0" type="stmt"/>
        <line num="293" count="0" type="stmt"/>
        <line num="294" count="0" type="stmt"/>
        <line num="297" count="0" type="stmt"/>
        <line num="298" count="0" type="stmt"/>
        <line num="299" count="0" type="stmt"/>
        <line num="305" count="2" type="cond" truecount="2" falsecount="0"/>
        <line num="306" count="1" type="stmt"/>
        <line num="309" count="1" type="stmt"/>
        <line num="315" count="1" type="stmt"/>
        <line num="316" count="1" type="stmt"/>
        <line num="320" count="0" type="cond" truecount="0" falsecount="2"/>
        <line num="321" count="0" type="stmt"/>
        <line num="323" count="0" type="stmt"/>
      </file>
      <file name="Timer_styles.js" path="D:\Projets\ReactNative\Edx\Harvard\CS50\project1_test\Pomodoro-Timer\Components\Timer_styles.js">
        <metrics statements="1" coveredstatements="1" conditionals="0" coveredconditionals="0" methods="0" coveredmethods="0"/>
        <line num="3" count="1" type="stmt"/>
      </file>
    </package>
    <package name="utils">
      <metrics statements="1" coveredstatements="0" conditionals="0" coveredconditionals="0" methods="1" coveredmethods="0"/>
      <file name="vibrate.js" path="D:\Projets\ReactNative\Edx\Harvard\CS50\project1_test\Pomodoro-Timer\utils\vibrate.js">
        <metrics statements="1" coveredstatements="0" conditionals="0" coveredconditionals="0" methods="1" coveredmethods="0"/>
        <line num="3" count="0" type="stmt"/>
      </file>
    </package>
  </project>
</coverage>
