<?xml version="1.0" encoding="UTF-8"?>
<coverage generated="1563483194054" clover="3.2.0">
  <project timestamp="1563483194054" name="All files">
    <metrics statements="76" coveredstatements="53" conditionals="47" coveredconditionals="39" methods="39" coveredmethods="24" elements="162" coveredelements="116" complexity="0" loc="76" ncloc="76" packages="2" files="3" classes="3"/>
    <package name="Components">
      <metrics statements="75" coveredstatements="53" conditionals="47" coveredconditionals="39" methods="38" coveredmethods="24"/>
      <file name="Timer.js" path="D:\Projets\ReactNative\Edx\Harvard\CS50\project1_test\Pomodoro-Timer\Components\Timer.js">
        <metrics statements="74" coveredstatements="52" conditionals="47" coveredconditionals="39" methods="38" coveredmethods="24"/>
        <line num="10" count="105" type="stmt"/>
        <line num="14" count="0" type="stmt"/>
        <line num="20" count="0" type="stmt"/>
        <line num="35" count="0" type="stmt"/>
        <line num="36" count="0" type="stmt"/>
        <line num="37" count="0" type="stmt"/>
        <line num="39" count="0" type="stmt"/>
        <line num="54" count="0" type="stmt"/>
        <line num="55" count="0" type="stmt"/>
        <line num="56" count="0" type="stmt"/>
        <line num="58" count="0" type="stmt"/>
        <line num="75" count="0" type="stmt"/>
        <line num="79" count="0" type="stmt"/>
        <line num="90" count="1" type="stmt"/>
        <line num="91" count="1" type="stmt"/>
        <line num="106" count="1" type="stmt"/>
        <line num="127" count="2" type="stmt"/>
        <line num="141" count="2" type="stmt"/>
        <line num="142" count="2" type="stmt"/>
        <line num="146" count="212" type="cond" truecount="2" falsecount="0"/>
        <line num="152" count="4" type="stmt"/>
        <line num="162" count="4" type="cond" truecount="4" falsecount="0"/>
        <line num="163" count="3" type="stmt"/>
        <line num="164" count="3" type="stmt"/>
        <line num="165" count="3" type="stmt"/>
        <line num="172" count="1" type="stmt"/>
        <line num="182" count="5" type="cond" truecount="2" falsecount="0"/>
        <line num="191" count="108" type="cond" truecount="2" falsecount="0"/>
        <line num="192" count="96" type="stmt"/>
        <line num="194" count="12" type="stmt"/>
        <line num="196" count="108" type="stmt"/>
        <line num="200" count="0" type="cond" truecount="0" falsecount="4"/>
        <line num="204" count="215" type="stmt"/>
        <line num="205" count="215" type="stmt"/>
        <line num="207" count="215" type="cond" truecount="4" falsecount="0"/>
        <line num="208" count="76" type="stmt"/>
        <line num="210" count="139" type="cond" truecount="2" falsecount="0"/>
        <line num="211" count="22" type="stmt"/>
        <line num="213" count="215" type="stmt"/>
        <line num="217" count="108" type="stmt"/>
        <line num="219" count="108" type="cond" truecount="2" falsecount="0"/>
        <line num="220" count="96" type="stmt"/>
        <line num="223" count="108" type="stmt"/>
        <line num="227" count="107" type="stmt"/>
        <line num="232" count="107" type="cond" truecount="2" falsecount="0"/>
        <line num="236" count="107" type="cond" truecount="2" falsecount="0"/>
        <line num="240" count="216" type="cond" truecount="2" falsecount="0"/>
        <line num="244" count="214" type="cond" truecount="4" falsecount="0"/>
        <line num="254" count="0" type="cond" truecount="0" falsecount="2"/>
        <line num="255" count="0" type="stmt"/>
        <line num="256" count="0" type="stmt"/>
        <line num="261" count="1" type="stmt"/>
        <line num="262" count="1" type="stmt"/>
        <line num="263" count="1" type="stmt"/>
        <line num="264" count="1" type="stmt"/>
        <line num="275" count="1" type="stmt"/>
        <line num="281" count="3" type="cond" truecount="2" falsecount="0"/>
        <line num="285" count="3" type="cond" truecount="2" falsecount="0"/>
        <line num="289" count="1" type="stmt"/>
        <line num="290" count="1" type="cond" truecount="2" falsecount="2"/>
        <line num="291" count="0" type="stmt"/>
        <line num="292" count="0" type="stmt"/>
        <line num="293" count="0" type="stmt"/>
        <line num="296" count="0" type="stmt"/>
        <line num="297" count="0" type="stmt"/>
        <line num="298" count="0" type="stmt"/>
        <line num="304" count="2" type="cond" truecount="2" falsecount="0"/>
        <line num="305" count="1" type="stmt"/>
        <line num="308" count="1" type="stmt"/>
        <line num="314" count="1" type="stmt"/>
        <line num="315" count="1" type="stmt"/>
        <line num="319" count="7" type="cond" truecount="2" falsecount="0"/>
        <line num="320" count="2" type="stmt"/>
        <line num="322" count="7" type="stmt"/>
      </file>
      <file name="Timer_styles.js" path="D:\Projets\ReactNative\Edx\Harvard\CS50\project1_test\Pomodoro-Timer\Components\Timer_styles.js">
        <metrics statements="1" coveredstatements="1" conditionals="0" coveredconditionals="0" methods="0" coveredmethods="0"/>
        <line num="3" count="1" type="stmt"/>
      </file>
    </package>
    <package name="utils">
      <metrics statements="1" coveredstatements="0" conditionals="0" coveredconditionals="0" methods="1" coveredmethods="0"/>
      <file name="vibrate.js" path="D:\Projets\ReactNative\Edx\Harvard\CS50\project1_test\Pomodoro-Timer\utils\vibrate.js">
        <metrics statements="1" coveredstatements="0" conditionals="0" coveredconditionals="0" methods="1" coveredmethods="0"/>
        <line num="3" count="0" type="stmt"/>
      </file>
    </package>
  </project>
</coverage>
