{"D:\\Projets\\ReactNative\\Edx\\Harvard\\CS50\\project1_test\\Pomodoro-Timer\\Components\\Timer.js": {"path":"D:\\Projets\\ReactNative\\Edx\\Harvard\\CS50\\project1_test\\Pomodoro-Timer\\Components\\Timer.js","statementMap":{"0":{"start":{"line":10,"column":8},"end":{"line":85,"column":9}},"1":{"start":{"line":14,"column":51},"end":{"line":14,"column":116}},"2":{"start":{"line":20,"column":51},"end":{"line":20,"column":117}},"3":{"start":{"line":35,"column":56},"end":{"line":35,"column":97}},"4":{"start":{"line":36,"column":53},"end":{"line":36,"column":85}},"5":{"start":{"line":37,"column":45},"end":{"line":37,"column":66}},"6":{"start":{"line":39,"column":100},"end":{"line":39,"column":132}},"7":{"start":{"line":54,"column":56},"end":{"line":54,"column":97}},"8":{"start":{"line":55,"column":53},"end":{"line":55,"column":85}},"9":{"start":{"line":56,"column":45},"end":{"line":56,"column":66}},"10":{"start":{"line":58,"column":100},"end":{"line":58,"column":132}},"11":{"start":{"line":75,"column":65},"end":{"line":75,"column":88}},"12":{"start":{"line":79,"column":65},"end":{"line":79,"column":82}},"13":{"start":{"line":90,"column":8},"end":{"line":90,"column":20}},"14":{"start":{"line":91,"column":8},"end":{"line":105,"column":9}},"15":{"start":{"line":106,"column":8},"end":{"line":123,"column":9}},"16":{"start":{"line":127,"column":8},"end":{"line":139,"column":10}},"17":{"start":{"line":141,"column":8},"end":{"line":141,"column":50}},"18":{"start":{"line":142,"column":8},"end":{"line":142,"column":50}},"19":{"start":{"line":146,"column":8},"end":{"line":146,"column":54}},"20":{"start":{"line":152,"column":8},"end":{"line":158,"column":10}},"21":{"start":{"line":162,"column":8},"end":{"line":178,"column":9}},"22":{"start":{"line":163,"column":20},"end":{"line":163,"column":74}},"23":{"start":{"line":164,"column":20},"end":{"line":164,"column":42}},"24":{"start":{"line":165,"column":20},"end":{"line":170,"column":22}},"25":{"start":{"line":172,"column":12},"end":{"line":177,"column":14}},"26":{"start":{"line":182,"column":8},"end":{"line":182,"column":96}},"27":{"start":{"line":191,"column":8},"end":{"line":195,"column":9}},"28":{"start":{"line":192,"column":12},"end":{"line":192,"column":57}},"29":{"start":{"line":194,"column":12},"end":{"line":194,"column":79}},"30":{"start":{"line":196,"column":8},"end":{"line":196,"column":27}},"31":{"start":{"line":200,"column":8},"end":{"line":200,"column":126}},"32":{"start":{"line":204,"column":20},"end":{"line":204,"column":41}},"33":{"start":{"line":205,"column":26},"end":{"line":205,"column":33}},"34":{"start":{"line":207,"column":8},"end":{"line":212,"column":9}},"35":{"start":{"line":208,"column":12},"end":{"line":208,"column":34}},"36":{"start":{"line":210,"column":13},"end":{"line":212,"column":9}},"37":{"start":{"line":211,"column":12},"end":{"line":211,"column":33}},"38":{"start":{"line":213,"column":8},"end":{"line":213,"column":26}},"39":{"start":{"line":217,"column":27},"end":{"line":217,"column":48}},"40":{"start":{"line":219,"column":8},"end":{"line":221,"column":9}},"41":{"start":{"line":220,"column":12},"end":{"line":220,"column":32}},"42":{"start":{"line":223,"column":8},"end":{"line":223,"column":41}},"43":{"start":{"line":227,"column":8},"end":{"line":227,"column":64}},"44":{"start":{"line":232,"column":8},"end":{"line":232,"column":81}},"45":{"start":{"line":236,"column":8},"end":{"line":236,"column":77}},"46":{"start":{"line":240,"column":7},"end":{"line":240,"column":132}},"47":{"start":{"line":244,"column":8},"end":{"line":246,"column":47}},"48":{"start":{"line":254,"column":8},"end":{"line":257,"column":9}},"49":{"start":{"line":255,"column":12},"end":{"line":255,"column":49}},"50":{"start":{"line":256,"column":12},"end":{"line":256,"column":33}},"51":{"start":{"line":261,"column":20},"end":{"line":261,"column":41}},"52":{"start":{"line":262,"column":8},"end":{"line":277,"column":15}},"53":{"start":{"line":263,"column":12},"end":{"line":273,"column":15}},"54":{"start":{"line":264,"column":16},"end":{"line":272,"column":17}},"55":{"start":{"line":275,"column":13},"end":{"line":275,"column":54}},"56":{"start":{"line":281,"column":8},"end":{"line":281,"column":44}},"57":{"start":{"line":285,"column":8},"end":{"line":285,"column":55}},"58":{"start":{"line":289,"column":20},"end":{"line":289,"column":41}},"59":{"start":{"line":290,"column":8},"end":{"line":299,"column":9}},"60":{"start":{"line":291,"column":12},"end":{"line":291,"column":36}},"61":{"start":{"line":292,"column":12},"end":{"line":292,"column":21}},"62":{"start":{"line":293,"column":12},"end":{"line":295,"column":14}},"63":{"start":{"line":296,"column":12},"end":{"line":296,"column":35}},"64":{"start":{"line":297,"column":12},"end":{"line":297,"column":29}},"65":{"start":{"line":298,"column":12},"end":{"line":298,"column":29}},"66":{"start":{"line":304,"column":8},"end":{"line":309,"column":9}},"67":{"start":{"line":305,"column":12},"end":{"line":305,"column":49}},"68":{"start":{"line":308,"column":12},"end":{"line":308,"column":49}},"69":{"start":{"line":314,"column":8},"end":{"line":314,"column":46}},"70":{"start":{"line":315,"column":8},"end":{"line":315,"column":37}},"71":{"start":{"line":319,"column":8},"end":{"line":321,"column":9}},"72":{"start":{"line":320,"column":12},"end":{"line":320,"column":41}},"73":{"start":{"line":322,"column":8},"end":{"line":330,"column":10}}},"fnMap":{"0":{"name":"(anonymous_0)","decl":{"start":{"line":9,"column":4},"end":{"line":9,"column":5}},"loc":{"start":{"line":9,"column":12},"end":{"line":86,"column":5}},"line":9},"1":{"name":"(anonymous_1)","decl":{"start":{"line":14,"column":47},"end":{"line":14,"column":48}},"loc":{"start":{"line":14,"column":51},"end":{"line":14,"column":116}},"line":14},"2":{"name":"(anonymous_2)","decl":{"start":{"line":20,"column":47},"end":{"line":20,"column":48}},"loc":{"start":{"line":20,"column":51},"end":{"line":20,"column":117}},"line":20},"3":{"name":"(anonymous_3)","decl":{"start":{"line":35,"column":46},"end":{"line":35,"column":47}},"loc":{"start":{"line":35,"column":56},"end":{"line":35,"column":97}},"line":35},"4":{"name":"(anonymous_4)","decl":{"start":{"line":36,"column":49},"end":{"line":36,"column":50}},"loc":{"start":{"line":36,"column":53},"end":{"line":36,"column":85}},"line":36},"5":{"name":"(anonymous_5)","decl":{"start":{"line":37,"column":41},"end":{"line":37,"column":42}},"loc":{"start":{"line":37,"column":45},"end":{"line":37,"column":66}},"line":37},"6":{"name":"(anonymous_6)","decl":{"start":{"line":39,"column":96},"end":{"line":39,"column":97}},"loc":{"start":{"line":39,"column":100},"end":{"line":39,"column":132}},"line":39},"7":{"name":"(anonymous_7)","decl":{"start":{"line":54,"column":46},"end":{"line":54,"column":47}},"loc":{"start":{"line":54,"column":56},"end":{"line":54,"column":97}},"line":54},"8":{"name":"(anonymous_8)","decl":{"start":{"line":55,"column":49},"end":{"line":55,"column":50}},"loc":{"start":{"line":55,"column":53},"end":{"line":55,"column":85}},"line":55},"9":{"name":"(anonymous_9)","decl":{"start":{"line":56,"column":41},"end":{"line":56,"column":42}},"loc":{"start":{"line":56,"column":45},"end":{"line":56,"column":66}},"line":56},"10":{"name":"(anonymous_10)","decl":{"start":{"line":58,"column":96},"end":{"line":58,"column":97}},"loc":{"start":{"line":58,"column":100},"end":{"line":58,"column":132}},"line":58},"11":{"name":"(anonymous_11)","decl":{"start":{"line":75,"column":61},"end":{"line":75,"column":62}},"loc":{"start":{"line":75,"column":65},"end":{"line":75,"column":88}},"line":75},"12":{"name":"(anonymous_12)","decl":{"start":{"line":79,"column":61},"end":{"line":79,"column":62}},"loc":{"start":{"line":79,"column":65},"end":{"line":79,"column":82}},"line":79},"13":{"name":"(anonymous_13)","decl":{"start":{"line":89,"column":4},"end":{"line":89,"column":5}},"loc":{"start":{"line":89,"column":22},"end":{"line":124,"column":5}},"line":89},"14":{"name":"(anonymous_14)","decl":{"start":{"line":126,"column":4},"end":{"line":126,"column":5}},"loc":{"start":{"line":126,"column":48},"end":{"line":143,"column":5}},"line":126},"15":{"name":"(anonymous_15)","decl":{"start":{"line":145,"column":4},"end":{"line":145,"column":5}},"loc":{"start":{"line":145,"column":28},"end":{"line":147,"column":5}},"line":145},"16":{"name":"(anonymous_16)","decl":{"start":{"line":151,"column":4},"end":{"line":151,"column":5}},"loc":{"start":{"line":151,"column":38},"end":{"line":159,"column":5}},"line":151},"17":{"name":"(anonymous_17)","decl":{"start":{"line":161,"column":4},"end":{"line":161,"column":5}},"loc":{"start":{"line":161,"column":29},"end":{"line":179,"column":5}},"line":161},"18":{"name":"(anonymous_18)","decl":{"start":{"line":181,"column":4},"end":{"line":181,"column":5}},"loc":{"start":{"line":181,"column":28},"end":{"line":183,"column":5}},"line":181},"19":{"name":"(anonymous_19)","decl":{"start":{"line":189,"column":4},"end":{"line":189,"column":5}},"loc":{"start":{"line":189,"column":25},"end":{"line":197,"column":5}},"line":189},"20":{"name":"(anonymous_20)","decl":{"start":{"line":199,"column":4},"end":{"line":199,"column":5}},"loc":{"start":{"line":199,"column":22},"end":{"line":201,"column":5}},"line":199},"21":{"name":"(anonymous_21)","decl":{"start":{"line":203,"column":4},"end":{"line":203,"column":5}},"loc":{"start":{"line":203,"column":20},"end":{"line":214,"column":5}},"line":203},"22":{"name":"(anonymous_22)","decl":{"start":{"line":216,"column":4},"end":{"line":216,"column":5}},"loc":{"start":{"line":216,"column":26},"end":{"line":224,"column":5}},"line":216},"23":{"name":"(anonymous_23)","decl":{"start":{"line":226,"column":4},"end":{"line":226,"column":5}},"loc":{"start":{"line":226,"column":35},"end":{"line":228,"column":5}},"line":226},"24":{"name":"(anonymous_24)","decl":{"start":{"line":231,"column":4},"end":{"line":231,"column":5}},"loc":{"start":{"line":231,"column":27},"end":{"line":233,"column":5}},"line":231},"25":{"name":"(anonymous_25)","decl":{"start":{"line":235,"column":4},"end":{"line":235,"column":5}},"loc":{"start":{"line":235,"column":20},"end":{"line":237,"column":5}},"line":235},"26":{"name":"(anonymous_26)","decl":{"start":{"line":239,"column":4},"end":{"line":239,"column":5}},"loc":{"start":{"line":239,"column":33},"end":{"line":241,"column":5}},"line":239},"27":{"name":"(anonymous_27)","decl":{"start":{"line":243,"column":4},"end":{"line":243,"column":5}},"loc":{"start":{"line":243,"column":32},"end":{"line":247,"column":5}},"line":243},"28":{"name":"(anonymous_28)","decl":{"start":{"line":253,"column":4},"end":{"line":253,"column":5}},"loc":{"start":{"line":253,"column":16},"end":{"line":258,"column":5}},"line":253},"29":{"name":"(anonymous_29)","decl":{"start":{"line":260,"column":4},"end":{"line":260,"column":5}},"loc":{"start":{"line":260,"column":20},"end":{"line":278,"column":5}},"line":260},"30":{"name":"(anonymous_30)","decl":{"start":{"line":262,"column":37},"end":{"line":262,"column":38}},"loc":{"start":{"line":262,"column":41},"end":{"line":277,"column":9}},"line":262},"31":{"name":"(anonymous_31)","decl":{"start":{"line":263,"column":26},"end":{"line":263,"column":27}},"loc":{"start":{"line":263,"column":43},"end":{"line":273,"column":14}},"line":263},"32":{"name":"(anonymous_32)","decl":{"start":{"line":280,"column":4},"end":{"line":280,"column":5}},"loc":{"start":{"line":280,"column":41},"end":{"line":282,"column":5}},"line":280},"33":{"name":"(anonymous_33)","decl":{"start":{"line":284,"column":4},"end":{"line":284,"column":5}},"loc":{"start":{"line":284,"column":50},"end":{"line":286,"column":5}},"line":284},"34":{"name":"(anonymous_34)","decl":{"start":{"line":288,"column":4},"end":{"line":288,"column":5}},"loc":{"start":{"line":288,"column":35},"end":{"line":300,"column":5}},"line":288},"35":{"name":"(anonymous_35)","decl":{"start":{"line":303,"column":4},"end":{"line":303,"column":5}},"loc":{"start":{"line":303,"column":22},"end":{"line":310,"column":5}},"line":303},"36":{"name":"(anonymous_36)","decl":{"start":{"line":313,"column":4},"end":{"line":313,"column":5}},"loc":{"start":{"line":313,"column":16},"end":{"line":316,"column":5}},"line":313},"37":{"name":"(anonymous_37)","decl":{"start":{"line":318,"column":4},"end":{"line":318,"column":5}},"loc":{"start":{"line":318,"column":33},"end":{"line":331,"column":5}},"line":318}},"branchMap":{"0":{"loc":{"start":{"line":146,"column":15},"end":{"line":146,"column":54}},"type":"cond-expr","locations":[{"start":{"line":146,"column":32},"end":{"line":146,"column":44}},{"start":{"line":146,"column":48},"end":{"line":146,"column":54}}],"line":146},"1":{"loc":{"start":{"line":162,"column":8},"end":{"line":178,"column":9}},"type":"if","locations":[{"start":{"line":162,"column":8},"end":{"line":178,"column":9}},{"start":{"line":162,"column":8},"end":{"line":178,"column":9}}],"line":162},"2":{"loc":{"start":{"line":162,"column":11},"end":{"line":162,"column":74}},"type":"binary-expr","locations":[{"start":{"line":162,"column":11},"end":{"line":162,"column":45}},{"start":{"line":162,"column":49},"end":{"line":162,"column":74}}],"line":162},"3":{"loc":{"start":{"line":182,"column":15},"end":{"line":182,"column":96}},"type":"cond-expr","locations":[{"start":{"line":182,"column":56},"end":{"line":182,"column":58}},{"start":{"line":182,"column":61},"end":{"line":182,"column":96}}],"line":182},"4":{"loc":{"start":{"line":191,"column":8},"end":{"line":195,"column":9}},"type":"if","locations":[{"start":{"line":191,"column":8},"end":{"line":195,"column":9}},{"start":{"line":191,"column":8},"end":{"line":195,"column":9}}],"line":191},"5":{"loc":{"start":{"line":200,"column":15},"end":{"line":200,"column":126}},"type":"cond-expr","locations":[{"start":{"line":200,"column":89},"end":{"line":200,"column":106}},{"start":{"line":200,"column":109},"end":{"line":200,"column":126}}],"line":200},"6":{"loc":{"start":{"line":200,"column":15},"end":{"line":200,"column":86}},"type":"binary-expr","locations":[{"start":{"line":200,"column":15},"end":{"line":200,"column":48}},{"start":{"line":200,"column":52},"end":{"line":200,"column":86}}],"line":200},"7":{"loc":{"start":{"line":207,"column":8},"end":{"line":212,"column":9}},"type":"if","locations":[{"start":{"line":207,"column":8},"end":{"line":212,"column":9}},{"start":{"line":207,"column":8},"end":{"line":212,"column":9}}],"line":207},"8":{"loc":{"start":{"line":207,"column":11},"end":{"line":207,"column":98}},"type":"binary-expr","locations":[{"start":{"line":207,"column":11},"end":{"line":207,"column":36}},{"start":{"line":207,"column":40},"end":{"line":207,"column":98}}],"line":207},"9":{"loc":{"start":{"line":210,"column":13},"end":{"line":212,"column":9}},"type":"if","locations":[{"start":{"line":210,"column":13},"end":{"line":212,"column":9}},{"start":{"line":210,"column":13},"end":{"line":212,"column":9}}],"line":210},"10":{"loc":{"start":{"line":219,"column":8},"end":{"line":221,"column":9}},"type":"if","locations":[{"start":{"line":219,"column":8},"end":{"line":221,"column":9}},{"start":{"line":219,"column":8},"end":{"line":221,"column":9}}],"line":219},"11":{"loc":{"start":{"line":232,"column":15},"end":{"line":232,"column":81}},"type":"cond-expr","locations":[{"start":{"line":232,"column":52},"end":{"line":232,"column":74}},{"start":{"line":232,"column":77},"end":{"line":232,"column":81}}],"line":232},"12":{"loc":{"start":{"line":236,"column":15},"end":{"line":236,"column":77}},"type":"cond-expr","locations":[{"start":{"line":236,"column":51},"end":{"line":236,"column":70}},{"start":{"line":236,"column":73},"end":{"line":236,"column":77}}],"line":236},"13":{"loc":{"start":{"line":240,"column":14},"end":{"line":240,"column":132}},"type":"binary-expr","locations":[{"start":{"line":240,"column":14},"end":{"line":240,"column":38}},{"start":{"line":240,"column":42},"end":{"line":240,"column":132}}],"line":240},"14":{"loc":{"start":{"line":244,"column":16},"end":{"line":246,"column":47}},"type":"cond-expr","locations":[{"start":{"line":246,"column":18},"end":{"line":246,"column":40}},{"start":{"line":246,"column":43},"end":{"line":246,"column":47}}],"line":244},"15":{"loc":{"start":{"line":244,"column":16},"end":{"line":245,"column":90}},"type":"binary-expr","locations":[{"start":{"line":244,"column":16},"end":{"line":244,"column":87}},{"start":{"line":245,"column":19},"end":{"line":245,"column":90}}],"line":244},"16":{"loc":{"start":{"line":254,"column":8},"end":{"line":257,"column":9}},"type":"if","locations":[{"start":{"line":254,"column":8},"end":{"line":257,"column":9}},{"start":{"line":254,"column":8},"end":{"line":257,"column":9}}],"line":254},"17":{"loc":{"start":{"line":281,"column":15},"end":{"line":281,"column":44}},"type":"cond-expr","locations":[{"start":{"line":281,"column":32},"end":{"line":281,"column":34}},{"start":{"line":281,"column":37},"end":{"line":281,"column":44}}],"line":281},"18":{"loc":{"start":{"line":285,"column":15},"end":{"line":285,"column":55}},"type":"cond-expr","locations":[{"start":{"line":285,"column":33},"end":{"line":285,"column":44}},{"start":{"line":285,"column":48},"end":{"line":285,"column":55}}],"line":285},"19":{"loc":{"start":{"line":290,"column":8},"end":{"line":299,"column":9}},"type":"if","locations":[{"start":{"line":290,"column":8},"end":{"line":299,"column":9}},{"start":{"line":290,"column":8},"end":{"line":299,"column":9}}],"line":290},"20":{"loc":{"start":{"line":290,"column":11},"end":{"line":290,"column":89}},"type":"binary-expr","locations":[{"start":{"line":290,"column":11},"end":{"line":290,"column":48}},{"start":{"line":290,"column":52},"end":{"line":290,"column":89}}],"line":290},"21":{"loc":{"start":{"line":304,"column":8},"end":{"line":309,"column":9}},"type":"if","locations":[{"start":{"line":304,"column":8},"end":{"line":309,"column":9}},{"start":{"line":304,"column":8},"end":{"line":309,"column":9}}],"line":304},"22":{"loc":{"start":{"line":318,"column":15},"end":{"line":318,"column":32}},"type":"default-arg","locations":[{"start":{"line":318,"column":23},"end":{"line":318,"column":32}}],"line":318},"23":{"loc":{"start":{"line":319,"column":8},"end":{"line":321,"column":9}},"type":"if","locations":[{"start":{"line":319,"column":8},"end":{"line":321,"column":9}},{"start":{"line":319,"column":8},"end":{"line":321,"column":9}}],"line":319}},"s":{"0":105,"1":0,"2":0,"3":0,"4":0,"5":0,"6":0,"7":0,"8":0,"9":0,"10":0,"11":0,"12":0,"13":1,"14":1,"15":1,"16":2,"17":2,"18":2,"19":212,"20":4,"21":4,"22":3,"23":3,"24":3,"25":1,"26":5,"27":108,"28":96,"29":12,"30":108,"31":0,"32":215,"33":215,"34":215,"35":76,"36":139,"37":22,"38":215,"39":108,"40":108,"41":96,"42":108,"43":107,"44":107,"45":107,"46":216,"47":214,"48":0,"49":0,"50":0,"51":1,"52":1,"53":1,"54":1,"55":1,"56":3,"57":3,"58":1,"59":1,"60":0,"61":0,"62":0,"63":0,"64":0,"65":0,"66":2,"67":1,"68":1,"69":1,"70":1,"71":7,"72":2,"73":7},"f":{"0":105,"1":0,"2":0,"3":0,"4":0,"5":0,"6":0,"7":0,"8":0,"9":0,"10":0,"11":0,"12":0,"13":1,"14":2,"15":212,"16":4,"17":4,"18":5,"19":108,"20":0,"21":215,"22":108,"23":107,"24":107,"25":107,"26":216,"27":214,"28":0,"29":1,"30":1,"31":1,"32":3,"33":3,"34":1,"35":2,"36":1,"37":7},"b":{"0":[207,5],"1":[3,1],"2":[4,3],"3":[2,3],"4":[96,12],"5":[0,0],"6":[0,0],"7":[76,139],"8":[215,193],"9":[22,117],"10":[96,12],"11":[69,38],"12":[11,96],"13":[216,193],"14":[172,42],"15":[214,90],"16":[0,0],"17":[2,1],"18":[2,1],"19":[0,1],"20":[1,0],"21":[1,1],"22":[2],"23":[2,5]},"_coverageSchema":"43e27e138ebf9cfc5966b082cf9a028302ed4184","hash":"784d7276b10b067454a967396602eb3f11b135bb"}
,"D:\\Projets\\ReactNative\\Edx\\Harvard\\CS50\\project1_test\\Pomodoro-Timer\\Components\\Timer_styles.js": {"path":"D:\\Projets\\ReactNative\\Edx\\Harvard\\CS50\\project1_test\\Pomodoro-Timer\\Components\\Timer_styles.js","statementMap":{"0":{"start":{"line":3,"column":22},"end":{"line":153,"column":2}}},"fnMap":{},"branchMap":{},"s":{"0":1},"f":{},"b":{},"_coverageSchema":"43e27e138ebf9cfc5966b082cf9a028302ed4184","hash":"5f4d3c2be61c30a041ac9591f4bc7631c0cfe003"}
,"D:\\Projets\\ReactNative\\Edx\\Harvard\\CS50\\project1_test\\Pomodoro-Timer\\utils\\vibrate.js": {"path":"D:\\Projets\\ReactNative\\Edx\\Harvard\\CS50\\project1_test\\Pomodoro-Timer\\utils\\vibrate.js","statementMap":{"0":{"start":{"line":3,"column":34},"end":{"line":3,"column":68}}},"fnMap":{"0":{"name":"vibrate","decl":{"start":{"line":3,"column":24},"end":{"line":3,"column":31}},"loc":{"start":{"line":3,"column":33},"end":{"line":3,"column":69}},"line":3}},"branchMap":{},"s":{"0":0},"f":{"0":0},"b":{},"_coverageSchema":"43e27e138ebf9cfc5966b082cf9a028302ed4184","hash":"bd0bdc246a8a44956c6b89eda3feca6f001895a6"}
}
