{"D:\\Projets\\ReactNative\\Edx\\Harvard\\CS50\\project1_test\\Pomodoro-Timer\\Components\\Timer.js": {"path":"D:\\Projets\\ReactNative\\Edx\\Harvard\\CS50\\project1_test\\Pomodoro-Timer\\Components\\Timer.js","statementMap":{"0":{"start":{"line":11,"column":8},"end":{"line":86,"column":9}},"1":{"start":{"line":15,"column":51},"end":{"line":15,"column":111}},"2":{"start":{"line":21,"column":51},"end":{"line":21,"column":112}},"3":{"start":{"line":36,"column":56},"end":{"line":36,"column":97}},"4":{"start":{"line":37,"column":53},"end":{"line":37,"column":85}},"5":{"start":{"line":38,"column":45},"end":{"line":38,"column":66}},"6":{"start":{"line":40,"column":100},"end":{"line":40,"column":132}},"7":{"start":{"line":55,"column":56},"end":{"line":55,"column":97}},"8":{"start":{"line":56,"column":53},"end":{"line":56,"column":85}},"9":{"start":{"line":57,"column":45},"end":{"line":57,"column":66}},"10":{"start":{"line":59,"column":100},"end":{"line":59,"column":132}},"11":{"start":{"line":76,"column":65},"end":{"line":76,"column":88}},"12":{"start":{"line":80,"column":65},"end":{"line":80,"column":82}},"13":{"start":{"line":91,"column":8},"end":{"line":91,"column":20}},"14":{"start":{"line":92,"column":8},"end":{"line":106,"column":9}},"15":{"start":{"line":107,"column":8},"end":{"line":124,"column":9}},"16":{"start":{"line":128,"column":8},"end":{"line":140,"column":10}},"17":{"start":{"line":142,"column":8},"end":{"line":142,"column":45}},"18":{"start":{"line":143,"column":8},"end":{"line":143,"column":45}},"19":{"start":{"line":147,"column":8},"end":{"line":147,"column":54}},"20":{"start":{"line":153,"column":8},"end":{"line":159,"column":10}},"21":{"start":{"line":163,"column":8},"end":{"line":179,"column":9}},"22":{"start":{"line":164,"column":20},"end":{"line":164,"column":69}},"23":{"start":{"line":165,"column":20},"end":{"line":165,"column":42}},"24":{"start":{"line":166,"column":20},"end":{"line":171,"column":22}},"25":{"start":{"line":173,"column":12},"end":{"line":178,"column":14}},"26":{"start":{"line":183,"column":8},"end":{"line":183,"column":96}},"27":{"start":{"line":192,"column":8},"end":{"line":196,"column":9}},"28":{"start":{"line":193,"column":12},"end":{"line":193,"column":57}},"29":{"start":{"line":195,"column":12},"end":{"line":195,"column":79}},"30":{"start":{"line":197,"column":8},"end":{"line":197,"column":27}},"31":{"start":{"line":201,"column":8},"end":{"line":201,"column":126}},"32":{"start":{"line":205,"column":20},"end":{"line":205,"column":41}},"33":{"start":{"line":206,"column":26},"end":{"line":206,"column":33}},"34":{"start":{"line":208,"column":8},"end":{"line":213,"column":9}},"35":{"start":{"line":209,"column":12},"end":{"line":209,"column":34}},"36":{"start":{"line":211,"column":13},"end":{"line":213,"column":9}},"37":{"start":{"line":212,"column":12},"end":{"line":212,"column":33}},"38":{"start":{"line":214,"column":8},"end":{"line":214,"column":26}},"39":{"start":{"line":218,"column":27},"end":{"line":218,"column":48}},"40":{"start":{"line":220,"column":8},"end":{"line":222,"column":9}},"41":{"start":{"line":221,"column":12},"end":{"line":221,"column":32}},"42":{"start":{"line":224,"column":8},"end":{"line":224,"column":41}},"43":{"start":{"line":228,"column":8},"end":{"line":228,"column":64}},"44":{"start":{"line":233,"column":8},"end":{"line":233,"column":81}},"45":{"start":{"line":237,"column":8},"end":{"line":237,"column":77}},"46":{"start":{"line":241,"column":7},"end":{"line":241,"column":127}},"47":{"start":{"line":245,"column":8},"end":{"line":247,"column":47}},"48":{"start":{"line":255,"column":8},"end":{"line":258,"column":9}},"49":{"start":{"line":256,"column":12},"end":{"line":256,"column":49}},"50":{"start":{"line":257,"column":12},"end":{"line":257,"column":33}},"51":{"start":{"line":262,"column":20},"end":{"line":262,"column":41}},"52":{"start":{"line":263,"column":8},"end":{"line":278,"column":15}},"53":{"start":{"line":264,"column":12},"end":{"line":274,"column":15}},"54":{"start":{"line":265,"column":16},"end":{"line":273,"column":17}},"55":{"start":{"line":276,"column":13},"end":{"line":276,"column":49}},"56":{"start":{"line":282,"column":8},"end":{"line":282,"column":44}},"57":{"start":{"line":286,"column":8},"end":{"line":286,"column":55}},"58":{"start":{"line":290,"column":20},"end":{"line":290,"column":41}},"59":{"start":{"line":291,"column":8},"end":{"line":300,"column":9}},"60":{"start":{"line":292,"column":12},"end":{"line":292,"column":36}},"61":{"start":{"line":293,"column":12},"end":{"line":293,"column":21}},"62":{"start":{"line":294,"column":12},"end":{"line":296,"column":14}},"63":{"start":{"line":297,"column":12},"end":{"line":297,"column":35}},"64":{"start":{"line":298,"column":12},"end":{"line":298,"column":29}},"65":{"start":{"line":299,"column":12},"end":{"line":299,"column":29}},"66":{"start":{"line":305,"column":8},"end":{"line":310,"column":9}},"67":{"start":{"line":306,"column":12},"end":{"line":306,"column":49}},"68":{"start":{"line":309,"column":12},"end":{"line":309,"column":49}},"69":{"start":{"line":315,"column":8},"end":{"line":315,"column":46}},"70":{"start":{"line":316,"column":8},"end":{"line":316,"column":32}},"71":{"start":{"line":320,"column":8},"end":{"line":322,"column":9}},"72":{"start":{"line":321,"column":12},"end":{"line":321,"column":41}},"73":{"start":{"line":323,"column":8},"end":{"line":331,"column":10}}},"fnMap":{"0":{"name":"(anonymous_0)","decl":{"start":{"line":10,"column":4},"end":{"line":10,"column":5}},"loc":{"start":{"line":10,"column":12},"end":{"line":87,"column":5}},"line":10},"1":{"name":"(anonymous_1)","decl":{"start":{"line":15,"column":47},"end":{"line":15,"column":48}},"loc":{"start":{"line":15,"column":51},"end":{"line":15,"column":111}},"line":15},"2":{"name":"(anonymous_2)","decl":{"start":{"line":21,"column":47},"end":{"line":21,"column":48}},"loc":{"start":{"line":21,"column":51},"end":{"line":21,"column":112}},"line":21},"3":{"name":"(anonymous_3)","decl":{"start":{"line":36,"column":46},"end":{"line":36,"column":47}},"loc":{"start":{"line":36,"column":56},"end":{"line":36,"column":97}},"line":36},"4":{"name":"(anonymous_4)","decl":{"start":{"line":37,"column":49},"end":{"line":37,"column":50}},"loc":{"start":{"line":37,"column":53},"end":{"line":37,"column":85}},"line":37},"5":{"name":"(anonymous_5)","decl":{"start":{"line":38,"column":41},"end":{"line":38,"column":42}},"loc":{"start":{"line":38,"column":45},"end":{"line":38,"column":66}},"line":38},"6":{"name":"(anonymous_6)","decl":{"start":{"line":40,"column":96},"end":{"line":40,"column":97}},"loc":{"start":{"line":40,"column":100},"end":{"line":40,"column":132}},"line":40},"7":{"name":"(anonymous_7)","decl":{"start":{"line":55,"column":46},"end":{"line":55,"column":47}},"loc":{"start":{"line":55,"column":56},"end":{"line":55,"column":97}},"line":55},"8":{"name":"(anonymous_8)","decl":{"start":{"line":56,"column":49},"end":{"line":56,"column":50}},"loc":{"start":{"line":56,"column":53},"end":{"line":56,"column":85}},"line":56},"9":{"name":"(anonymous_9)","decl":{"start":{"line":57,"column":41},"end":{"line":57,"column":42}},"loc":{"start":{"line":57,"column":45},"end":{"line":57,"column":66}},"line":57},"10":{"name":"(anonymous_10)","decl":{"start":{"line":59,"column":96},"end":{"line":59,"column":97}},"loc":{"start":{"line":59,"column":100},"end":{"line":59,"column":132}},"line":59},"11":{"name":"(anonymous_11)","decl":{"start":{"line":76,"column":61},"end":{"line":76,"column":62}},"loc":{"start":{"line":76,"column":65},"end":{"line":76,"column":88}},"line":76},"12":{"name":"(anonymous_12)","decl":{"start":{"line":80,"column":61},"end":{"line":80,"column":62}},"loc":{"start":{"line":80,"column":65},"end":{"line":80,"column":82}},"line":80},"13":{"name":"(anonymous_13)","decl":{"start":{"line":90,"column":4},"end":{"line":90,"column":5}},"loc":{"start":{"line":90,"column":22},"end":{"line":125,"column":5}},"line":90},"14":{"name":"(anonymous_14)","decl":{"start":{"line":127,"column":4},"end":{"line":127,"column":5}},"loc":{"start":{"line":127,"column":48},"end":{"line":144,"column":5}},"line":127},"15":{"name":"(anonymous_15)","decl":{"start":{"line":146,"column":4},"end":{"line":146,"column":5}},"loc":{"start":{"line":146,"column":28},"end":{"line":148,"column":5}},"line":146},"16":{"name":"(anonymous_16)","decl":{"start":{"line":152,"column":4},"end":{"line":152,"column":5}},"loc":{"start":{"line":152,"column":38},"end":{"line":160,"column":5}},"line":152},"17":{"name":"(anonymous_17)","decl":{"start":{"line":162,"column":4},"end":{"line":162,"column":5}},"loc":{"start":{"line":162,"column":29},"end":{"line":180,"column":5}},"line":162},"18":{"name":"(anonymous_18)","decl":{"start":{"line":182,"column":4},"end":{"line":182,"column":5}},"loc":{"start":{"line":182,"column":28},"end":{"line":184,"column":5}},"line":182},"19":{"name":"(anonymous_19)","decl":{"start":{"line":190,"column":4},"end":{"line":190,"column":5}},"loc":{"start":{"line":190,"column":25},"end":{"line":198,"column":5}},"line":190},"20":{"name":"(anonymous_20)","decl":{"start":{"line":200,"column":4},"end":{"line":200,"column":5}},"loc":{"start":{"line":200,"column":22},"end":{"line":202,"column":5}},"line":200},"21":{"name":"(anonymous_21)","decl":{"start":{"line":204,"column":4},"end":{"line":204,"column":5}},"loc":{"start":{"line":204,"column":20},"end":{"line":215,"column":5}},"line":204},"22":{"name":"(anonymous_22)","decl":{"start":{"line":217,"column":4},"end":{"line":217,"column":5}},"loc":{"start":{"line":217,"column":26},"end":{"line":225,"column":5}},"line":217},"23":{"name":"(anonymous_23)","decl":{"start":{"line":227,"column":4},"end":{"line":227,"column":5}},"loc":{"start":{"line":227,"column":35},"end":{"line":229,"column":5}},"line":227},"24":{"name":"(anonymous_24)","decl":{"start":{"line":232,"column":4},"end":{"line":232,"column":5}},"loc":{"start":{"line":232,"column":27},"end":{"line":234,"column":5}},"line":232},"25":{"name":"(anonymous_25)","decl":{"start":{"line":236,"column":4},"end":{"line":236,"column":5}},"loc":{"start":{"line":236,"column":20},"end":{"line":238,"column":5}},"line":236},"26":{"name":"(anonymous_26)","decl":{"start":{"line":240,"column":4},"end":{"line":240,"column":5}},"loc":{"start":{"line":240,"column":33},"end":{"line":242,"column":5}},"line":240},"27":{"name":"(anonymous_27)","decl":{"start":{"line":244,"column":4},"end":{"line":244,"column":5}},"loc":{"start":{"line":244,"column":32},"end":{"line":248,"column":5}},"line":244},"28":{"name":"(anonymous_28)","decl":{"start":{"line":254,"column":4},"end":{"line":254,"column":5}},"loc":{"start":{"line":254,"column":16},"end":{"line":259,"column":5}},"line":254},"29":{"name":"(anonymous_29)","decl":{"start":{"line":261,"column":4},"end":{"line":261,"column":5}},"loc":{"start":{"line":261,"column":20},"end":{"line":279,"column":5}},"line":261},"30":{"name":"(anonymous_30)","decl":{"start":{"line":263,"column":32},"end":{"line":263,"column":33}},"loc":{"start":{"line":263,"column":36},"end":{"line":278,"column":9}},"line":263},"31":{"name":"(anonymous_31)","decl":{"start":{"line":264,"column":26},"end":{"line":264,"column":27}},"loc":{"start":{"line":264,"column":43},"end":{"line":274,"column":14}},"line":264},"32":{"name":"(anonymous_32)","decl":{"start":{"line":281,"column":4},"end":{"line":281,"column":5}},"loc":{"start":{"line":281,"column":41},"end":{"line":283,"column":5}},"line":281},"33":{"name":"(anonymous_33)","decl":{"start":{"line":285,"column":4},"end":{"line":285,"column":5}},"loc":{"start":{"line":285,"column":50},"end":{"line":287,"column":5}},"line":285},"34":{"name":"(anonymous_34)","decl":{"start":{"line":289,"column":4},"end":{"line":289,"column":5}},"loc":{"start":{"line":289,"column":35},"end":{"line":301,"column":5}},"line":289},"35":{"name":"(anonymous_35)","decl":{"start":{"line":304,"column":4},"end":{"line":304,"column":5}},"loc":{"start":{"line":304,"column":22},"end":{"line":311,"column":5}},"line":304},"36":{"name":"(anonymous_36)","decl":{"start":{"line":314,"column":4},"end":{"line":314,"column":5}},"loc":{"start":{"line":314,"column":16},"end":{"line":317,"column":5}},"line":314},"37":{"name":"(anonymous_37)","decl":{"start":{"line":319,"column":4},"end":{"line":319,"column":5}},"loc":{"start":{"line":319,"column":33},"end":{"line":332,"column":5}},"line":319}},"branchMap":{"0":{"loc":{"start":{"line":147,"column":15},"end":{"line":147,"column":54}},"type":"cond-expr","locations":[{"start":{"line":147,"column":32},"end":{"line":147,"column":44}},{"start":{"line":147,"column":48},"end":{"line":147,"column":54}}],"line":147},"1":{"loc":{"start":{"line":163,"column":8},"end":{"line":179,"column":9}},"type":"if","locations":[{"start":{"line":163,"column":8},"end":{"line":179,"column":9}},{"start":{"line":163,"column":8},"end":{"line":179,"column":9}}],"line":163},"2":{"loc":{"start":{"line":163,"column":11},"end":{"line":163,"column":74}},"type":"binary-expr","locations":[{"start":{"line":163,"column":11},"end":{"line":163,"column":45}},{"start":{"line":163,"column":49},"end":{"line":163,"column":74}}],"line":163},"3":{"loc":{"start":{"line":183,"column":15},"end":{"line":183,"column":96}},"type":"cond-expr","locations":[{"start":{"line":183,"column":56},"end":{"line":183,"column":58}},{"start":{"line":183,"column":61},"end":{"line":183,"column":96}}],"line":183},"4":{"loc":{"start":{"line":192,"column":8},"end":{"line":196,"column":9}},"type":"if","locations":[{"start":{"line":192,"column":8},"end":{"line":196,"column":9}},{"start":{"line":192,"column":8},"end":{"line":196,"column":9}}],"line":192},"5":{"loc":{"start":{"line":201,"column":15},"end":{"line":201,"column":126}},"type":"cond-expr","locations":[{"start":{"line":201,"column":89},"end":{"line":201,"column":106}},{"start":{"line":201,"column":109},"end":{"line":201,"column":126}}],"line":201},"6":{"loc":{"start":{"line":201,"column":15},"end":{"line":201,"column":86}},"type":"binary-expr","locations":[{"start":{"line":201,"column":15},"end":{"line":201,"column":48}},{"start":{"line":201,"column":52},"end":{"line":201,"column":86}}],"line":201},"7":{"loc":{"start":{"line":208,"column":8},"end":{"line":213,"column":9}},"type":"if","locations":[{"start":{"line":208,"column":8},"end":{"line":213,"column":9}},{"start":{"line":208,"column":8},"end":{"line":213,"column":9}}],"line":208},"8":{"loc":{"start":{"line":208,"column":11},"end":{"line":208,"column":93}},"type":"binary-expr","locations":[{"start":{"line":208,"column":11},"end":{"line":208,"column":36}},{"start":{"line":208,"column":40},"end":{"line":208,"column":93}}],"line":208},"9":{"loc":{"start":{"line":211,"column":13},"end":{"line":213,"column":9}},"type":"if","locations":[{"start":{"line":211,"column":13},"end":{"line":213,"column":9}},{"start":{"line":211,"column":13},"end":{"line":213,"column":9}}],"line":211},"10":{"loc":{"start":{"line":220,"column":8},"end":{"line":222,"column":9}},"type":"if","locations":[{"start":{"line":220,"column":8},"end":{"line":222,"column":9}},{"start":{"line":220,"column":8},"end":{"line":222,"column":9}}],"line":220},"11":{"loc":{"start":{"line":233,"column":15},"end":{"line":233,"column":81}},"type":"cond-expr","locations":[{"start":{"line":233,"column":52},"end":{"line":233,"column":74}},{"start":{"line":233,"column":77},"end":{"line":233,"column":81}}],"line":233},"12":{"loc":{"start":{"line":237,"column":15},"end":{"line":237,"column":77}},"type":"cond-expr","locations":[{"start":{"line":237,"column":51},"end":{"line":237,"column":70}},{"start":{"line":237,"column":73},"end":{"line":237,"column":77}}],"line":237},"13":{"loc":{"start":{"line":241,"column":14},"end":{"line":241,"column":127}},"type":"binary-expr","locations":[{"start":{"line":241,"column":14},"end":{"line":241,"column":38}},{"start":{"line":241,"column":42},"end":{"line":241,"column":127}}],"line":241},"14":{"loc":{"start":{"line":245,"column":16},"end":{"line":247,"column":47}},"type":"cond-expr","locations":[{"start":{"line":247,"column":18},"end":{"line":247,"column":40}},{"start":{"line":247,"column":43},"end":{"line":247,"column":47}}],"line":245},"15":{"loc":{"start":{"line":245,"column":16},"end":{"line":246,"column":80}},"type":"binary-expr","locations":[{"start":{"line":245,"column":16},"end":{"line":245,"column":77}},{"start":{"line":246,"column":19},"end":{"line":246,"column":80}}],"line":245},"16":{"loc":{"start":{"line":255,"column":8},"end":{"line":258,"column":9}},"type":"if","locations":[{"start":{"line":255,"column":8},"end":{"line":258,"column":9}},{"start":{"line":255,"column":8},"end":{"line":258,"column":9}}],"line":255},"17":{"loc":{"start":{"line":282,"column":15},"end":{"line":282,"column":44}},"type":"cond-expr","locations":[{"start":{"line":282,"column":32},"end":{"line":282,"column":34}},{"start":{"line":282,"column":37},"end":{"line":282,"column":44}}],"line":282},"18":{"loc":{"start":{"line":286,"column":15},"end":{"line":286,"column":55}},"type":"cond-expr","locations":[{"start":{"line":286,"column":33},"end":{"line":286,"column":44}},{"start":{"line":286,"column":48},"end":{"line":286,"column":55}}],"line":286},"19":{"loc":{"start":{"line":291,"column":8},"end":{"line":300,"column":9}},"type":"if","locations":[{"start":{"line":291,"column":8},"end":{"line":300,"column":9}},{"start":{"line":291,"column":8},"end":{"line":300,"column":9}}],"line":291},"20":{"loc":{"start":{"line":291,"column":11},"end":{"line":291,"column":89}},"type":"binary-expr","locations":[{"start":{"line":291,"column":11},"end":{"line":291,"column":48}},{"start":{"line":291,"column":52},"end":{"line":291,"column":89}}],"line":291},"21":{"loc":{"start":{"line":305,"column":8},"end":{"line":310,"column":9}},"type":"if","locations":[{"start":{"line":305,"column":8},"end":{"line":310,"column":9}},{"start":{"line":305,"column":8},"end":{"line":310,"column":9}}],"line":305},"22":{"loc":{"start":{"line":319,"column":15},"end":{"line":319,"column":32}},"type":"default-arg","locations":[{"start":{"line":319,"column":23},"end":{"line":319,"column":32}}],"line":319},"23":{"loc":{"start":{"line":320,"column":8},"end":{"line":322,"column":9}},"type":"if","locations":[{"start":{"line":320,"column":8},"end":{"line":322,"column":9}},{"start":{"line":320,"column":8},"end":{"line":322,"column":9}}],"line":320}},"s":{"0":21,"1":0,"2":0,"3":0,"4":0,"5":0,"6":0,"7":0,"8":0,"9":0,"10":0,"11":0,"12":0,"13":1,"14":1,"15":1,"16":0,"17":0,"18":0,"19":44,"20":0,"21":0,"22":0,"23":0,"24":0,"25":0,"26":2,"27":24,"28":14,"29":10,"30":24,"31":0,"32":42,"33":42,"34":42,"35":0,"36":42,"37":16,"38":42,"39":24,"40":24,"41":14,"42":24,"43":23,"44":21,"45":21,"46":45,"47":42,"48":0,"49":0,"50":0,"51":0,"52":0,"53":0,"54":0,"55":0,"56":2,"57":2,"58":0,"59":0,"60":0,"61":0,"62":0,"63":0,"64":0,"65":0,"66":2,"67":1,"68":1,"69":1,"70":1,"71":0,"72":0,"73":0},"f":{"0":21,"1":0,"2":0,"3":0,"4":0,"5":0,"6":0,"7":0,"8":0,"9":0,"10":0,"11":0,"12":0,"13":1,"14":0,"15":44,"16":0,"17":0,"18":2,"19":24,"20":0,"21":42,"22":24,"23":23,"24":21,"25":21,"26":45,"27":42,"28":0,"29":0,"30":0,"31":0,"32":2,"33":2,"34":0,"35":2,"36":1,"37":0},"b":{"0":[43,1],"1":[0,0],"2":[0,0],"3":[1,1],"4":[14,10],"5":[0,0],"6":[0,0],"7":[0,42],"8":[42,26],"9":[16,26],"10":[14,10],"11":[21,0],"12":[8,13],"13":[45,28],"14":[21,21],"15":[42,21],"16":[0,0],"17":[1,1],"18":[1,1],"19":[0,0],"20":[0,0],"21":[1,1],"22":[0],"23":[0,0]},"_coverageSchema":"43e27e138ebf9cfc5966b082cf9a028302ed4184","hash":"ff888bd61cd2fb676d37acfb156e492f5d64b767"}
,"D:\\Projets\\ReactNative\\Edx\\Harvard\\CS50\\project1_test\\Pomodoro-Timer\\Components\\Timer_styles.js": {"path":"D:\\Projets\\ReactNative\\Edx\\Harvard\\CS50\\project1_test\\Pomodoro-Timer\\Components\\Timer_styles.js","statementMap":{"0":{"start":{"line":3,"column":22},"end":{"line":153,"column":2}}},"fnMap":{},"branchMap":{},"s":{"0":1},"f":{},"b":{},"_coverageSchema":"43e27e138ebf9cfc5966b082cf9a028302ed4184","hash":"5f4d3c2be61c30a041ac9591f4bc7631c0cfe003"}
,"D:\\Projets\\ReactNative\\Edx\\Harvard\\CS50\\project1_test\\Pomodoro-Timer\\utils\\vibrate.js": {"path":"D:\\Projets\\ReactNative\\Edx\\Harvard\\CS50\\project1_test\\Pomodoro-Timer\\utils\\vibrate.js","statementMap":{"0":{"start":{"line":3,"column":21},"end":{"line":3,"column":55}}},"fnMap":{"0":{"name":"(anonymous_0)","decl":{"start":{"line":3,"column":15},"end":{"line":3,"column":16}},"loc":{"start":{"line":3,"column":21},"end":{"line":3,"column":55}},"line":3}},"branchMap":{},"s":{"0":0},"f":{"0":0},"b":{},"_coverageSchema":"43e27e138ebf9cfc5966b082cf9a028302ed4184","hash":"74c627f1ca3bb2a9728f2e6d6665f3b099fd470a"}
}
