TN:
SF:D:\Projets\ReactNative\Edx\Harvard\CS50\project1_test\Pomodoro-Timer\Components\Timer.js
FN:9,(anonymous_0)
FN:14,(anonymous_1)
FN:20,(anonymous_2)
FN:35,(anonymous_3)
FN:36,(anonymous_4)
FN:37,(anonymous_5)
FN:39,(anonymous_6)
FN:54,(anonymous_7)
FN:55,(anonymous_8)
FN:56,(anonymous_9)
FN:58,(anonymous_10)
FN:75,(anonymous_11)
FN:79,(anonymous_12)
FN:89,(anonymous_13)
FN:126,(anonymous_14)
FN:145,(anonymous_15)
FN:151,(anonymous_16)
FN:161,(anonymous_17)
FN:181,(anonymous_18)
FN:189,(anonymous_19)
FN:199,(anonymous_20)
FN:203,(anonymous_21)
FN:216,(anonymous_22)
FN:226,(anonymous_23)
FN:231,(anonymous_24)
FN:235,(anonymous_25)
FN:239,(anonymous_26)
FN:243,(anonymous_27)
FN:253,(anonymous_28)
FN:260,(anonymous_29)
FN:262,(anonymous_30)
FN:263,(anonymous_31)
FN:280,(anonymous_32)
FN:284,(anonymous_33)
FN:288,(anonymous_34)
FN:303,(anonymous_35)
FN:313,(anonymous_36)
FN:318,(anonymous_37)
FNF:38
FNH:24
FNDA:105,(anonymous_0)
FNDA:0,(anonymous_1)
FNDA:0,(anonymous_2)
FNDA:0,(anonymous_3)
FNDA:0,(anonymous_4)
FNDA:0,(anonymous_5)
FNDA:0,(anonymous_6)
FNDA:0,(anonymous_7)
FNDA:0,(anonymous_8)
FNDA:0,(anonymous_9)
FNDA:0,(anonymous_10)
FNDA:0,(anonymous_11)
FNDA:0,(anonymous_12)
FNDA:1,(anonymous_13)
FNDA:2,(anonymous_14)
FNDA:212,(anonymous_15)
FNDA:4,(anonymous_16)
FNDA:4,(anonymous_17)
FNDA:5,(anonymous_18)
FNDA:108,(anonymous_19)
FNDA:0,(anonymous_20)
FNDA:215,(anonymous_21)
FNDA:108,(anonymous_22)
FNDA:107,(anonymous_23)
FNDA:107,(anonymous_24)
FNDA:107,(anonymous_25)
FNDA:216,(anonymous_26)
FNDA:214,(anonymous_27)
FNDA:0,(anonymous_28)
FNDA:1,(anonymous_29)
FNDA:1,(anonymous_30)
FNDA:1,(anonymous_31)
FNDA:3,(anonymous_32)
FNDA:3,(anonymous_33)
FNDA:1,(anonymous_34)
FNDA:2,(anonymous_35)
FNDA:1,(anonymous_36)
FNDA:7,(anonymous_37)
DA:10,105
DA:14,0
DA:20,0
DA:35,0
DA:36,0
DA:37,0
DA:39,0
DA:54,0
DA:55,0
DA:56,0
DA:58,0
DA:75,0
DA:79,0
DA:90,1
DA:91,1
DA:106,1
DA:127,2
DA:141,2
DA:142,2
DA:146,212
DA:152,4
DA:162,4
DA:163,3
DA:164,3
DA:165,3
DA:172,1
DA:182,5
DA:191,108
DA:192,96
DA:194,12
DA:196,108
DA:200,0
DA:204,215
DA:205,215
DA:207,215
DA:208,76
DA:210,139
DA:211,22
DA:213,215
DA:217,108
DA:219,108
DA:220,96
DA:223,108
DA:227,107
DA:232,107
DA:236,107
DA:240,216
DA:244,214
DA:254,0
DA:255,0
DA:256,0
DA:261,1
DA:262,1
DA:263,1
DA:264,1
DA:275,1
DA:281,3
DA:285,3
DA:289,1
DA:290,1
DA:291,0
DA:292,0
DA:293,0
DA:296,0
DA:297,0
DA:298,0
DA:304,2
DA:305,1
DA:308,1
DA:314,1
DA:315,1
DA:319,7
DA:320,2
DA:322,7
LF:74
LH:52
BRDA:146,0,0,207
BRDA:146,0,1,5
BRDA:162,1,0,3
BRDA:162,1,1,1
BRDA:162,2,0,4
BRDA:162,2,1,3
BRDA:182,3,0,2
BRDA:182,3,1,3
BRDA:191,4,0,96
BRDA:191,4,1,12
BRDA:200,5,0,0
BRDA:200,5,1,0
BRDA:200,6,0,0
BRDA:200,6,1,0
BRDA:207,7,0,76
BRDA:207,7,1,139
BRDA:207,8,0,215
BRDA:207,8,1,193
BRDA:210,9,0,22
BRDA:210,9,1,117
BRDA:219,10,0,96
BRDA:219,10,1,12
BRDA:232,11,0,69
BRDA:232,11,1,38
BRDA:236,12,0,11
BRDA:236,12,1,96
BRDA:240,13,0,216
BRDA:240,13,1,193
BRDA:244,14,0,172
BRDA:244,14,1,42
BRDA:244,15,0,214
BRDA:244,15,1,90
BRDA:254,16,0,0
BRDA:254,16,1,0
BRDA:281,17,0,2
BRDA:281,17,1,1
BRDA:285,18,0,2
BRDA:285,18,1,1
BRDA:290,19,0,0
BRDA:290,19,1,1
BRDA:290,20,0,1
BRDA:290,20,1,0
BRDA:304,21,0,1
BRDA:304,21,1,1
BRDA:318,22,0,2
BRDA:319,23,0,2
BRDA:319,23,1,5
BRF:47
BRH:39
end_of_record
TN:
SF:D:\Projets\ReactNative\Edx\Harvard\CS50\project1_test\Pomodoro-Timer\Components\Timer_styles.js
FNF:0
FNH:0
DA:3,1
LF:1
LH:1
BRF:0
BRH:0
end_of_record
TN:
SF:D:\Projets\ReactNative\Edx\Harvard\CS50\project1_test\Pomodoro-Timer\utils\vibrate.js
FN:3,vibrate
FNF:1
FNH:0
FNDA:0,vibrate
DA:3,0
LF:1
LH:0
BRF:0
BRH:0
end_of_record
