TN:
SF:D:\Projets\ReactNative\Edx\Harvard\CS50\project1_test\Pomodoro-Timer\Components\Timer.js
FN:10,(anonymous_0)
FN:15,(anonymous_1)
FN:21,(anonymous_2)
FN:36,(anonymous_3)
FN:37,(anonymous_4)
FN:38,(anonymous_5)
FN:40,(anonymous_6)
FN:55,(anonymous_7)
FN:56,(anonymous_8)
FN:57,(anonymous_9)
FN:59,(anonymous_10)
FN:76,(anonymous_11)
FN:80,(anonymous_12)
FN:90,(anonymous_13)
FN:127,(anonymous_14)
FN:146,(anonymous_15)
FN:152,(anonymous_16)
FN:162,(anonymous_17)
FN:182,(anonymous_18)
FN:190,(anonymous_19)
FN:200,(anonymous_20)
FN:204,(anonymous_21)
FN:217,(anonymous_22)
FN:227,(anonymous_23)
FN:232,(anonymous_24)
FN:236,(anonymous_25)
FN:240,(anonymous_26)
FN:244,(anonymous_27)
FN:254,(anonymous_28)
FN:261,(anonymous_29)
FN:263,(anonymous_30)
FN:264,(anonymous_31)
FN:281,(anonymous_32)
FN:285,(anonymous_33)
FN:289,(anonymous_34)
FN:304,(anonymous_35)
FN:314,(anonymous_36)
FN:319,(anonymous_37)
FNF:38
FNH:16
FNDA:21,(anonymous_0)
FNDA:0,(anonymous_1)
FNDA:0,(anonymous_2)
FNDA:0,(anonymous_3)
FNDA:0,(anonymous_4)
FNDA:0,(anonymous_5)
FNDA:0,(anonymous_6)
FNDA:0,(anonymous_7)
FNDA:0,(anonymous_8)
FNDA:0,(anonymous_9)
FNDA:0,(anonymous_10)
FNDA:0,(anonymous_11)
FNDA:0,(anonymous_12)
FNDA:1,(anonymous_13)
FNDA:0,(anonymous_14)
FNDA:44,(anonymous_15)
FNDA:0,(anonymous_16)
FNDA:0,(anonymous_17)
FNDA:2,(anonymous_18)
FNDA:24,(anonymous_19)
FNDA:0,(anonymous_20)
FNDA:42,(anonymous_21)
FNDA:24,(anonymous_22)
FNDA:23,(anonymous_23)
FNDA:21,(anonymous_24)
FNDA:21,(anonymous_25)
FNDA:45,(anonymous_26)
FNDA:42,(anonymous_27)
FNDA:0,(anonymous_28)
FNDA:0,(anonymous_29)
FNDA:0,(anonymous_30)
FNDA:0,(anonymous_31)
FNDA:2,(anonymous_32)
FNDA:2,(anonymous_33)
FNDA:0,(anonymous_34)
FNDA:2,(anonymous_35)
FNDA:1,(anonymous_36)
FNDA:0,(anonymous_37)
DA:11,21
DA:15,0
DA:21,0
DA:36,0
DA:37,0
DA:38,0
DA:40,0
DA:55,0
DA:56,0
DA:57,0
DA:59,0
DA:76,0
DA:80,0
DA:91,1
DA:92,1
DA:107,1
DA:128,0
DA:142,0
DA:143,0
DA:147,44
DA:153,0
DA:163,0
DA:164,0
DA:165,0
DA:166,0
DA:173,0
DA:183,2
DA:192,24
DA:193,14
DA:195,10
DA:197,24
DA:201,0
DA:205,42
DA:206,42
DA:208,42
DA:209,0
DA:211,42
DA:212,16
DA:214,42
DA:218,24
DA:220,24
DA:221,14
DA:224,24
DA:228,23
DA:233,21
DA:237,21
DA:241,45
DA:245,42
DA:255,0
DA:256,0
DA:257,0
DA:262,0
DA:263,0
DA:264,0
DA:265,0
DA:276,0
DA:282,2
DA:286,2
DA:290,0
DA:291,0
DA:292,0
DA:293,0
DA:294,0
DA:297,0
DA:298,0
DA:299,0
DA:305,2
DA:306,1
DA:309,1
DA:315,1
DA:316,1
DA:320,0
DA:321,0
DA:323,0
LF:74
LH:32
BRDA:147,0,0,43
BRDA:147,0,1,1
BRDA:163,1,0,0
BRDA:163,1,1,0
BRDA:163,2,0,0
BRDA:163,2,1,0
BRDA:183,3,0,1
BRDA:183,3,1,1
BRDA:192,4,0,14
BRDA:192,4,1,10
BRDA:201,5,0,0
BRDA:201,5,1,0
BRDA:201,6,0,0
BRDA:201,6,1,0
BRDA:208,7,0,0
BRDA:208,7,1,42
BRDA:208,8,0,42
BRDA:208,8,1,26
BRDA:211,9,0,16
BRDA:211,9,1,26
BRDA:220,10,0,14
BRDA:220,10,1,10
BRDA:233,11,0,21
BRDA:233,11,1,0
BRDA:237,12,0,8
BRDA:237,12,1,13
BRDA:241,13,0,45
BRDA:241,13,1,28
BRDA:245,14,0,21
BRDA:245,14,1,21
BRDA:245,15,0,42
BRDA:245,15,1,21
BRDA:255,16,0,0
BRDA:255,16,1,0
BRDA:282,17,0,1
BRDA:282,17,1,1
BRDA:286,18,0,1
BRDA:286,18,1,1
BRDA:291,19,0,0
BRDA:291,19,1,0
BRDA:291,20,0,0
BRDA:291,20,1,0
BRDA:305,21,0,1
BRDA:305,21,1,1
BRDA:319,22,0,0
BRDA:320,23,0,0
BRDA:320,23,1,0
BRF:47
BRH:28
end_of_record
TN:
SF:D:\Projets\ReactNative\Edx\Harvard\CS50\project1_test\Pomodoro-Timer\Components\Timer_styles.js
FNF:0
FNH:0
DA:3,1
LF:1
LH:1
BRF:0
BRH:0
end_of_record
TN:
SF:D:\Projets\ReactNative\Edx\Harvard\CS50\project1_test\Pomodoro-Timer\utils\vibrate.js
FN:3,(anonymous_0)
FNF:1
FNH:0
FNDA:0,(anonymous_0)
DA:3,0
LF:1
LH:0
BRF:0
BRH:0
end_of_record
